# JRE version: Java(TM) SE Runtime Environment (22.0.1+8) (build 22.0.1+8-16)
# Java VM: Java HotSpot(TM) 64-Bit Server VM (22.0.1+8-16, mixed mode, sharing, tiered, compressed oops, compressed class ptrs, g1 gc, windows-amd64)
GC Precious Log:
 CardTable entry size: 512
 Card Set container configuration: InlinePtr #cards 4 size 8 Array Of Cards #cards 16 size 48 Howl #buckets 8 coarsen threshold 3686 Howl Bitmap #cards 512 size 80 coarsen threshold 460 Card regions per heap region 1 cards per card region 4096
 CPUs: 12 total, 12 available
 Memory: 15568M
 Large Page Support: Disabled
 NUMA Support: Disabled
 Compressed Oops: Enabled (Zero based)
 Heap Region Size: 2M
 Heap Min Capacity: 8M
 Heap Initial Capacity: 244M
 Heap Max Capacity: 3894M
 Pre-touch: Disabled
 Parallel Workers: 10
 Concurrent Workers: 3
 Concurrent Refinement Workers: 10
 Periodic GC: Disabled
Heap:
 garbage-first heap   total reserved 3987456K, committed 249856K, used 58737K [0x00000004ddc00000, 0x00000005d1200000)
  region size 2048K, 13 young (26624K), 1 survivors (2048K)
 Metaspace       used 13523K, committed 13760K, reserved 1114112K
  class space    used 1475K, committed 1536K, reserved 1048576K
GC Heap History (20 events):
Event: 21.175 GC heap before
{Heap before GC invocations=1 (full 0):
 garbage-first heap   total reserved 3987456K, committed 249856K, used 55429K [0x00000004ddc00000, 0x00000005d1200000)
  region size 2048K, 18 young (36864K), 2 survivors (4096K)
 Metaspace       used 12297K, committed 12544K, reserved 1114112K
  class space    used 1443K, committed 1536K, reserved 1048576K
}
Event: 21.183 GC heap after
{Heap after GC invocations=2 (full 0):
 garbage-first heap   total reserved 3987456K, committed 249856K, used 9712K [0x00000004ddc00000, 0x00000005d1200000)
  region size 2048K, 1 young (2048K), 1 survivors (2048K)
 Metaspace       used 12297K, committed 12544K, reserved 1114112K
  class space    used 1443K, committed 1536K, reserved 1048576K
}
Event: 59.605 GC heap before
{Heap before GC invocations=2 (full 0):
 garbage-first heap   total reserved 3987456K, committed 249856K, used 155120K [0x00000004ddc00000, 0x00000005d1200000)
  region size 2048K, 73 young (149504K), 1 survivors (2048K)
 Metaspace       used 12702K, committed 12928K, reserved 1114112K
  class space    used 1452K, committed 1536K, reserved 1048576K
}
Event: 59.609 GC heap after
{Heap after GC invocations=3 (full 0):
 garbage-first heap   total reserved 3987456K, committed 249856K, used 10991K [0x00000004ddc00000, 0x00000005d1200000)
  region size 2048K, 2 young (4096K), 2 survivors (4096K)
 Metaspace       used 12702K, committed 12928K, reserved 1114112K
  class space    used 1452K, committed 1536K, reserved 1048576K
}
Event: 193.796 GC heap before
{Heap before GC invocations=3 (full 0):
 garbage-first heap   total reserved 3987456K, committed 249856K, used 154351K [0x00000004ddc00000, 0x00000005d1200000)
  region size 2048K, 73 young (149504K), 2 survivors (4096K)
 Metaspace       used 13333K, committed 13568K, reserved 1114112K
  class space    used 1461K, committed 1536K, reserved 1048576K
}
Event: 193.801 GC heap after
{Heap after GC invocations=4 (full 0):
 garbage-first heap   total reserved 3987456K, committed 249856K, used 10862K [0x00000004ddc00000, 0x00000005d1200000)
  region size 2048K, 2 young (4096K), 2 survivors (4096K)
 Metaspace       used 13333K, committed 13568K, reserved 1114112K
  class space    used 1461K, committed 1536K, reserved 1048576K
}
Event: 263.327 GC heap before
{Heap before GC invocations=4 (full 0):
 garbage-first heap   total reserved 3987456K, committed 249856K, used 172654K [0x00000004ddc00000, 0x00000005d1200000)
  region size 2048K, 73 young (149504K), 2 survivors (4096K)
 Metaspace       used 13520K, committed 13760K, reserved 1114112K
  class space    used 1475K, committed 1536K, reserved 1048576K
}
Event: 263.330 GC heap after
{Heap after GC invocations=5 (full 0):
 garbage-first heap   total reserved 3987456K, committed 249856K, used 26092K [0x00000004ddc00000, 0x00000005d1200000)
  region size 2048K, 1 young (2048K), 1 survivors (2048K)
 Metaspace       used 13520K, committed 13760K, reserved 1114112K
  class space    used 1475K, committed 1536K, reserved 1048576K
}
Event: 266.423 GC heap before
{Heap before GC invocations=5 (full 0):
 garbage-first heap   total reserved 3987456K, committed 249856K, used 185836K [0x00000004ddc00000, 0x00000005d1200000)
  region size 2048K, 73 young (149504K), 1 survivors (2048K)
 Metaspace       used 13521K, committed 13760K, reserved 1114112K
  class space    used 1475K, committed 1536K, reserved 1048576K
}
Event: 266.426 GC heap after
{Heap after GC invocations=6 (full 0):
 garbage-first heap   total reserved 3987456K, committed 249856K, used 36174K [0x00000004ddc00000, 0x00000005d1200000)
  region size 2048K, 1 young (2048K), 1 survivors (2048K)
 Metaspace       used 13521K, committed 13760K, reserved 1114112K
  class space    used 1475K, committed 1536K, reserved 1048576K
}
Event: 270.876 GC heap before
{Heap before GC invocations=6 (full 0):
 garbage-first heap   total reserved 3987456K, committed 249856K, used 202062K [0x00000004ddc00000, 0x00000005d1200000)
  region size 2048K, 73 young (149504K), 1 survivors (2048K)
 Metaspace       used 13521K, committed 13760K, reserved 1114112K
  class space    used 1475K, committed 1536K, reserved 1048576K
}
Event: 270.879 GC heap after
{Heap after GC invocations=7 (full 0):
 garbage-first heap   total reserved 3987456K, committed 249856K, used 36109K [0x00000004ddc00000, 0x00000005d1200000)
  region size 2048K, 1 young (2048K), 1 survivors (2048K)
 Metaspace       used 13521K, committed 13760K, reserved 1114112K
  class space    used 1475K, committed 1536K, reserved 1048576K
}
Event: 273.825 GC heap before
{Heap before GC invocations=7 (full 0):
 garbage-first heap   total reserved 3987456K, committed 249856K, used 195853K [0x00000004ddc00000, 0x00000005d1200000)
  region size 2048K, 73 young (149504K), 1 survivors (2048K)
 Metaspace       used 13523K, committed 13760K, reserved 1114112K
  class space    used 1475K, committed 1536K, reserved 1048576K
}
Event: 273.828 GC heap after
{Heap after GC invocations=8 (full 0):
 garbage-first heap   total reserved 3987456K, committed 249856K, used 36092K [0x00000004ddc00000, 0x00000005d1200000)
  region size 2048K, 1 young (2048K), 1 survivors (2048K)
 Metaspace       used 13523K, committed 13760K, reserved 1114112K
  class space    used 1475K, committed 1536K, reserved 1048576K
}
Event: 274.957 GC heap before
{Heap before GC invocations=8 (full 0):
 garbage-first heap   total reserved 3987456K, committed 249856K, used 195836K [0x00000004ddc00000, 0x00000005d1200000)
  region size 2048K, 73 young (149504K), 1 survivors (2048K)
 Metaspace       used 13523K, committed 13760K, reserved 1114112K
  class space    used 1475K, committed 1536K, reserved 1048576K
}
Event: 274.960 GC heap after
{Heap after GC invocations=9 (full 0):
 garbage-first heap   total reserved 3987456K, committed 249856K, used 36139K [0x00000004ddc00000, 0x00000005d1200000)
  region size 2048K, 1 young (2048K), 1 survivors (2048K)
 Metaspace       used 13523K, committed 13760K, reserved 1114112K
  class space    used 1475K, committed 1536K, reserved 1048576K
}
Event: 279.199 GC heap before
{Heap before GC invocations=9 (full 0):
 garbage-first heap   total reserved 3987456K, committed 249856K, used 202027K [0x00000004ddc00000, 0x00000005d1200000)
  region size 2048K, 73 young (149504K), 1 survivors (2048K)
 Metaspace       used 13523K, committed 13760K, reserved 1114112K
  class space    used 1475K, committed 1536K, reserved 1048576K
}
Event: 279.201 GC heap after
{Heap after GC invocations=10 (full 0):
 garbage-first heap   total reserved 3987456K, committed 249856K, used 36214K [0x00000004ddc00000, 0x00000005d1200000)
  region size 2048K, 1 young (2048K), 1 survivors (2048K)
 Metaspace       used 13523K, committed 13760K, reserved 1114112K
  class space    used 1475K, committed 1536K, reserved 1048576K
}
Event: 280.483 GC heap before
{Heap before GC invocations=10 (full 0):
 garbage-first heap   total reserved 3987456K, committed 249856K, used 195958K [0x00000004ddc00000, 0x00000005d1200000)
  region size 2048K, 73 young (149504K), 1 survivors (2048K)
 Metaspace       used 13523K, committed 13760K, reserved 1114112K
  class space    used 1475K, committed 1536K, reserved 1048576K
}
Event: 280.486 GC heap after
{Heap after GC invocations=11 (full 0):
 garbage-first heap   total reserved 3987456K, committed 249856K, used 36209K [0x00000004ddc00000, 0x00000005d1200000)
  region size 2048K, 1 young (2048K), 1 survivors (2048K)
 Metaspace       used 13523K, committed 13760K, reserved 1114112K
  class space    used 1475K, committed 1536K, reserved 1048576K
}

